<?xml version="1.0" encoding="UTF-8"?>
<testng-results skipped="0" failed="0" ignored="0" total="1" passed="1">
  <reporter-output>
  </reporter-output>
  <suite name="GuruSuit" duration-ms="5485" started-at="2018-06-08T20:37:24Z" finished-at="2018-06-08T20:37:29Z">
    <groups>
    </groups>
    <test name="testngTest" duration-ms="5485" started-at="2018-06-08T20:37:24Z" finished-at="2018-06-08T20:37:29Z">
      <class name="basePkg.Login">
        <test-method status="PASS" signature="Testdatang()[pri:0, instance:basePkg.Login@8bd1b6a]" name="Testdatang" duration-ms="5450" started-at="2018-06-09T02:07:24Z" finished-at="2018-06-09T02:07:29Z">
          <reporter-output>
          </reporter-output>
        </test-method> <!-- Testdatang -->
      </class> <!-- basePkg.Login -->
    </test> <!-- testngTest -->
  </suite> <!-- GuruSuit -->
</testng-results>
